app/build/intermediates/manifest_merge_blame_file/debug/manifest-merger-blame-debug-report.txt
1<?xml version="1.0" encoding="utf-8"?>
2<manifest xmlns:android="http://schemas.android.com/apk/res/android"
3    package="com.example.mechanic"
4    android:versionCode="1"
5    android:versionName="1.0" >
6
7    <uses-sdk
8        android:minSdkVersion="26"
8-->src\main\AndroidManifest.xml
9        android:targetSdkVersion="34" />
9-->src\main\AndroidManifest.xml
10
11    <uses-feature
11-->src\main\AndroidManifest.xml:5:5-7:36
12        android:name="android.hardware.camera"
12-->src\main\AndroidManifest.xml:6:9-47
13        android:required="false" />
13-->src\main\AndroidManifest.xml:7:9-33
14
15    <uses-permission android:name="android.permission.INTERNET" />
15-->src\main\AndroidManifest.xml:9:5-67
15-->src\main\AndroidManifest.xml:9:22-64
16    <uses-permission android:name="android.permission.ACCESS_NETWORK_STATE" />
16-->src\main\AndroidManifest.xml:10:5-79
16-->src\main\AndroidManifest.xml:10:22-76
17    <uses-permission android:name="android.permission.CAMERA" />
17-->src\main\AndroidManifest.xml:11:5-64
17-->src\main\AndroidManifest.xml:11:22-62
18    <uses-permission android:name="android.permission.WRITE_EXTERNAL_STORAGE" />
18-->src\main\AndroidManifest.xml:12:5-81
18-->src\main\AndroidManifest.xml:12:22-78
19
20    <permission
20-->[androidx.core:core:1.12.0] AndroidManifest.xml:22:5-24:47
21        android:name="com.example.mechanic.DYNAMIC_RECEIVER_NOT_EXPORTED_PERMISSION"
21-->[androidx.core:core:1.12.0] AndroidManifest.xml:23:9-81
22        android:protectionLevel="signature" />
22-->[androidx.core:core:1.12.0] AndroidManifest.xml:24:9-44
23
24    <uses-permission android:name="com.example.mechanic.DYNAMIC_RECEIVER_NOT_EXPORTED_PERMISSION" />
24-->[androidx.core:core:1.12.0] AndroidManifest.xml:26:5-97
24-->[androidx.core:core:1.12.0] AndroidManifest.xml:26:22-94
25
26    <application
26-->src\main\AndroidManifest.xml:14:5-63:19
27        android:allowBackup="true"
27-->src\main\AndroidManifest.xml:15:9-35
28        android:appComponentFactory="androidx.core.app.CoreComponentFactory"
28-->[androidx.core:core:1.12.0] AndroidManifest.xml:28:18-86
29        android:dataExtractionRules="@xml/data_extraction_rules"
29-->src\main\AndroidManifest.xml:16:9-65
30        android:debuggable="true"
31        android:extractNativeLibs="false"
32        android:fullBackupContent="@xml/backup_rules"
32-->src\main\AndroidManifest.xml:17:9-54
33        android:icon="@drawable/logo"
33-->src\main\AndroidManifest.xml:18:9-38
34        android:label="JohnDeere"
34-->src\main\AndroidManifest.xml:19:9-34
35        android:roundIcon="@drawable/logo"
35-->src\main\AndroidManifest.xml:20:9-43
36        android:supportsRtl="true"
36-->src\main\AndroidManifest.xml:21:9-35
37        android:testOnly="true"
38        android:theme="@style/Theme.Mechanic.NoActionBar"
38-->src\main\AndroidManifest.xml:22:9-58
39        android:usesCleartextTraffic="true" >
39-->src\main\AndroidManifest.xml:23:9-44
40
41        <!-- provider external storage paths eu apaguei mais o chat gpt falou disso em Visualizador de PDF não funciona -->
42        <provider
43            android:name="androidx.core.content.FileProvider"
43-->src\main\AndroidManifest.xml:28:13-62
44            android:authorities="com.example.mechanic.fileprovider"
44-->src\main\AndroidManifest.xml:29:13-64
45            android:exported="false"
45-->src\main\AndroidManifest.xml:30:13-37
46            android:grantUriPermissions="true" >
46-->src\main\AndroidManifest.xml:31:13-47
47            <meta-data
47-->src\main\AndroidManifest.xml:32:13-34:54
48                android:name="android.support.FILE_PROVIDER_PATHS"
48-->src\main\AndroidManifest.xml:33:17-67
49                android:resource="@xml/file_paths" />
49-->src\main\AndroidManifest.xml:34:17-51
50        </provider>
51
52        <activity
52-->src\main\AndroidManifest.xml:37:9-39:40
53            android:name="com.example.mechanic.ui.home.HomeFragmentManagerEmployee"
53-->src\main\AndroidManifest.xml:38:13-64
54            android:exported="false" />
54-->src\main\AndroidManifest.xml:39:13-37
55        <activity
55-->src\main\AndroidManifest.xml:40:9-42:40
56            android:name="com.example.mechanic.ui.login.LoginActivity"
56-->src\main\AndroidManifest.xml:41:13-51
57            android:exported="false" />
57-->src\main\AndroidManifest.xml:42:13-37
58        <activity
58-->src\main\AndroidManifest.xml:43:9-45:40
59            android:name="com.example.mechanic.ui.MainManagerEmployee"
59-->src\main\AndroidManifest.xml:44:13-51
60            android:exported="false" />
60-->src\main\AndroidManifest.xml:45:13-37
61        <activity
61-->src\main\AndroidManifest.xml:46:9-48:40
62            android:name="com.example.mechanic.ui.MainWorkerEmployee"
62-->src\main\AndroidManifest.xml:47:13-50
63            android:exported="false" />
63-->src\main\AndroidManifest.xml:48:13-37
64        <activity
64-->src\main\AndroidManifest.xml:49:9-58:20
65            android:name="com.example.mechanic.MainActivity"
65-->src\main\AndroidManifest.xml:50:13-41
66            android:exported="true"
66-->src\main\AndroidManifest.xml:51:13-36
67            android:label="JohnDeere" >
67-->src\main\AndroidManifest.xml:52:13-38
68            <intent-filter>
68-->src\main\AndroidManifest.xml:53:13-57:29
69                <action android:name="android.intent.action.MAIN" />
69-->src\main\AndroidManifest.xml:54:17-69
69-->src\main\AndroidManifest.xml:54:25-66
70
71                <category android:name="android.intent.category.LAUNCHER" />
71-->src\main\AndroidManifest.xml:56:17-77
71-->src\main\AndroidManifest.xml:56:27-74
72            </intent-filter>
73        </activity>
74
75        <meta-data
75-->src\main\AndroidManifest.xml:60:9-62:57
76            android:name="preloaded_fonts"
76-->src\main\AndroidManifest.xml:61:13-43
77            android:resource="@array/preloaded_fonts" />
77-->src\main\AndroidManifest.xml:62:13-54
78
79        <activity
79-->[com.google.android.gms:play-services-base:18.1.0] AndroidManifest.xml:20:9-22:45
80            android:name="com.google.android.gms.common.api.GoogleApiActivity"
80-->[com.google.android.gms:play-services-base:18.1.0] AndroidManifest.xml:20:19-85
81            android:exported="false"
81-->[com.google.android.gms:play-services-base:18.1.0] AndroidManifest.xml:22:19-43
82            android:theme="@android:style/Theme.Translucent.NoTitleBar" />
82-->[com.google.android.gms:play-services-base:18.1.0] AndroidManifest.xml:21:19-78
83
84        <meta-data
84-->[com.google.android.gms:play-services-basement:18.1.0] AndroidManifest.xml:21:9-23:69
85            android:name="com.google.android.gms.version"
85-->[com.google.android.gms:play-services-basement:18.1.0] AndroidManifest.xml:22:13-58
86            android:value="@integer/google_play_services_version" />
86-->[com.google.android.gms:play-services-basement:18.1.0] AndroidManifest.xml:23:13-66
87
88        <provider
88-->[androidx.emoji2:emoji2:1.2.0] AndroidManifest.xml:24:9-32:20
89            android:name="androidx.startup.InitializationProvider"
89-->[androidx.emoji2:emoji2:1.2.0] AndroidManifest.xml:25:13-67
90            android:authorities="com.example.mechanic.androidx-startup"
90-->[androidx.emoji2:emoji2:1.2.0] AndroidManifest.xml:26:13-68
91            android:exported="false" >
91-->[androidx.emoji2:emoji2:1.2.0] AndroidManifest.xml:27:13-37
92            <meta-data
92-->[androidx.emoji2:emoji2:1.2.0] AndroidManifest.xml:29:13-31:52
93                android:name="androidx.emoji2.text.EmojiCompatInitializer"
93-->[androidx.emoji2:emoji2:1.2.0] AndroidManifest.xml:30:17-75
94                android:value="androidx.startup" />
94-->[androidx.emoji2:emoji2:1.2.0] AndroidManifest.xml:31:17-49
95            <meta-data
95-->[androidx.lifecycle:lifecycle-process:2.6.1] AndroidManifest.xml:29:13-31:52
96                android:name="androidx.lifecycle.ProcessLifecycleInitializer"
96-->[androidx.lifecycle:lifecycle-process:2.6.1] AndroidManifest.xml:30:17-78
97                android:value="androidx.startup" />
97-->[androidx.lifecycle:lifecycle-process:2.6.1] AndroidManifest.xml:31:17-49
98            <meta-data
98-->[androidx.profileinstaller:profileinstaller:1.3.0] AndroidManifest.xml:29:13-31:52
99                android:name="androidx.profileinstaller.ProfileInstallerInitializer"
99-->[androidx.profileinstaller:profileinstaller:1.3.0] AndroidManifest.xml:30:17-85
100                android:value="androidx.startup" />
100-->[androidx.profileinstaller:profileinstaller:1.3.0] AndroidManifest.xml:31:17-49
101        </provider>
102
103        <uses-library
103-->[androidx.window:window:1.0.0] AndroidManifest.xml:25:9-27:40
104            android:name="androidx.window.extensions"
104-->[androidx.window:window:1.0.0] AndroidManifest.xml:26:13-54
105            android:required="false" />
105-->[androidx.window:window:1.0.0] AndroidManifest.xml:27:13-37
106        <uses-library
106-->[androidx.window:window:1.0.0] AndroidManifest.xml:28:9-30:40
107            android:name="androidx.window.sidecar"
107-->[androidx.window:window:1.0.0] AndroidManifest.xml:29:13-51
108            android:required="false" />
108-->[androidx.window:window:1.0.0] AndroidManifest.xml:30:13-37
109
110        <receiver
110-->[androidx.profileinstaller:profileinstaller:1.3.0] AndroidManifest.xml:34:9-52:20
111            android:name="androidx.profileinstaller.ProfileInstallReceiver"
111-->[androidx.profileinstaller:profileinstaller:1.3.0] AndroidManifest.xml:35:13-76
112            android:directBootAware="false"
112-->[androidx.profileinstaller:profileinstaller:1.3.0] AndroidManifest.xml:36:13-44
113            android:enabled="true"
113-->[androidx.profileinstaller:profileinstaller:1.3.0] AndroidManifest.xml:37:13-35
114            android:exported="true"
114-->[androidx.profileinstaller:profileinstaller:1.3.0] AndroidManifest.xml:38:13-36
115            android:permission="android.permission.DUMP" >
115-->[androidx.profileinstaller:profileinstaller:1.3.0] AndroidManifest.xml:39:13-57
116            <intent-filter>
116-->[androidx.profileinstaller:profileinstaller:1.3.0] AndroidManifest.xml:40:13-42:29
117                <action android:name="androidx.profileinstaller.action.INSTALL_PROFILE" />
117-->[androidx.profileinstaller:profileinstaller:1.3.0] AndroidManifest.xml:41:17-91
117-->[androidx.profileinstaller:profileinstaller:1.3.0] AndroidManifest.xml:41:25-88
118            </intent-filter>
119            <intent-filter>
119-->[androidx.profileinstaller:profileinstaller:1.3.0] AndroidManifest.xml:43:13-45:29
120                <action android:name="androidx.profileinstaller.action.SKIP_FILE" />
120-->[androidx.profileinstaller:profileinstaller:1.3.0] AndroidManifest.xml:44:17-85
120-->[androidx.profileinstaller:profileinstaller:1.3.0] AndroidManifest.xml:44:25-82
121            </intent-filter>
122            <intent-filter>
122-->[androidx.profileinstaller:profileinstaller:1.3.0] AndroidManifest.xml:46:13-48:29
123                <action android:name="androidx.profileinstaller.action.SAVE_PROFILE" />
123-->[androidx.profileinstaller:profileinstaller:1.3.0] AndroidManifest.xml:47:17-88
123-->[androidx.profileinstaller:profileinstaller:1.3.0] AndroidManifest.xml:47:25-85
124            </intent-filter>
125            <intent-filter>
125-->[androidx.profileinstaller:profileinstaller:1.3.0] AndroidManifest.xml:49:13-51:29
126                <action android:name="androidx.profileinstaller.action.BENCHMARK_OPERATION" />
126-->[androidx.profileinstaller:profileinstaller:1.3.0] AndroidManifest.xml:50:17-95
126-->[androidx.profileinstaller:profileinstaller:1.3.0] AndroidManifest.xml:50:25-92
127            </intent-filter>
128        </receiver>
129    </application>
130
131</manifest>